Using pre-set license
Built from '2022.3/staging' branch; Version is '2022.3.13f1 (5f90a5ebde0f) revision 6262949'; Using compiler version '192829333'; Build Type 'Release'
OS: 'Windows 11  (10.0.26100) 64bit Core' Language: 'fr' Physical Memory: 15654 MB
BatchMode: 1, IsHumanControllingUs: 0, StartBugReporterOnCrash: 0, Is64bit: 1, IsPro: 1

COMMAND LINE ARGUMENTS:
C:\Program Files\Unity\Hub\Editor\2022.3.13f1\Editor\Unity.exe
-adb2
-batchMode
-noUpm
-name
AssetImportWorker0
-projectPath
C:/Users/kenzo/Downloads/TP2_Kenzo_Lilian/TP2_Kenzo_Lilian
-logFile
Logs/AssetImportWorker0.log
-srvPort
60581
Successfully changed project path to: C:/Users/kenzo/Downloads/TP2_Kenzo_Lilian/TP2_Kenzo_Lilian
C:/Users/kenzo/Downloads/TP2_Kenzo_Lilian/TP2_Kenzo_Lilian
[UnityMemory] Configuration Parameters - Can be set up in boot.config
    "memorysetup-bucket-allocator-granularity=16"
    "memorysetup-bucket-allocator-bucket-count=8"
    "memorysetup-bucket-allocator-block-size=33554432"
    "memorysetup-bucket-allocator-block-count=8"
    "memorysetup-main-allocator-block-size=16777216"
    "memorysetup-thread-allocator-block-size=16777216"
    "memorysetup-gfx-main-allocator-block-size=16777216"
    "memorysetup-gfx-thread-allocator-block-size=16777216"
    "memorysetup-cache-allocator-block-size=4194304"
    "memorysetup-typetree-allocator-block-size=2097152"
    "memorysetup-profiler-bucket-allocator-granularity=16"
    "memorysetup-profiler-bucket-allocator-bucket-count=8"
    "memorysetup-profiler-bucket-allocator-block-size=33554432"
    "memorysetup-profiler-bucket-allocator-block-count=8"
    "memorysetup-profiler-allocator-block-size=16777216"
    "memorysetup-profiler-editor-allocator-block-size=1048576"
    "memorysetup-temp-allocator-size-main=16777216"
    "memorysetup-job-temp-allocator-block-size=2097152"
    "memorysetup-job-temp-allocator-block-size-background=1048576"
    "memorysetup-job-temp-allocator-reduction-small-platforms=262144"
    "memorysetup-allocator-temp-initial-block-size-main=262144"
    "memorysetup-allocator-temp-initial-block-size-worker=262144"
    "memorysetup-temp-allocator-size-background-worker=32768"
    "memorysetup-temp-allocator-size-job-worker=262144"
    "memorysetup-temp-allocator-size-preload-manager=33554432"
    "memorysetup-temp-allocator-size-nav-mesh-worker=65536"
    "memorysetup-temp-allocator-size-audio-worker=65536"
    "memorysetup-temp-allocator-size-cloud-worker=32768"
    "memorysetup-temp-allocator-size-gi-baking-worker=262144"
    "memorysetup-temp-allocator-size-gfx=262144"
Player connection [40228] Host "[IP] 192.168.1.19 [Port] 0 [Flags] 2 [Guid] 3188796243 [EditorId] 3188796243 [Version] 1048832 [Id] WindowsEditor(7,Kenzo) [Debug] 1 [PackageName] WindowsEditor [ProjectName] Editor" joined multi-casting on [225.0.0.222:54997]...

Player connection [40228] Host "[IP] 192.168.1.19 [Port] 0 [Flags] 2 [Guid] 3188796243 [EditorId] 3188796243 [Version] 1048832 [Id] WindowsEditor(7,Kenzo) [Debug] 1 [PackageName] WindowsEditor [ProjectName] Editor" joined alternative multi-casting on [225.0.0.222:34997]...

[Physics::Module] Initialized MultithreadedJobDispatcher with 15 workers.
Refreshing native plugins compatible for Editor in 42.92 ms, found 3 plugins.
Preloading 0 native plugins for Editor in 0.00 ms.
Initialize engine version: 2022.3.13f1 (5f90a5ebde0f)
[Subsystems] Discovering subsystems at path C:/Program Files/Unity/Hub/Editor/2022.3.13f1/Editor/Data/Resources/UnitySubsystems
[Subsystems] Discovering subsystems at path C:/Users/kenzo/Downloads/TP2_Kenzo_Lilian/TP2_Kenzo_Lilian/Assets
GfxDevice: creating device client; threaded=0; jobified=0
Direct3D:
    Version:  Direct3D 11.0 [level 11.1]
    Renderer: NVIDIA GeForce RTX 4060 Laptop GPU (ID=0x28a0)
    Vendor:   NVIDIA
    VRAM:     7957 MB
    Driver:   32.0.15.7283
Initialize mono
Mono path[0] = 'C:/Program Files/Unity/Hub/Editor/2022.3.13f1/Editor/Data/Managed'
Mono path[1] = 'C:/Program Files/Unity/Hub/Editor/2022.3.13f1/Editor/Data/MonoBleedingEdge/lib/mono/unityjit-win32'
Mono config path = 'C:/Program Files/Unity/Hub/Editor/2022.3.13f1/Editor/Data/MonoBleedingEdge/etc'
Using monoOptions --debugger-agent=transport=dt_socket,embedding=1,server=y,suspend=n,address=127.0.0.1:56556
Begin MonoManager ReloadAssembly
Registering precompiled unity dll's ...
Register platform support module: C:/Program Files/Unity/Hub/Editor/2022.3.13f1/Editor/Data/PlaybackEngines/WindowsStandaloneSupport/UnityEditor.WindowsStandalone.Extensions.dll
Registered in 0.007462 seconds.
- Loaded All Assemblies, in  0.447 seconds
Native extension for WindowsStandalone target not found
Mono: successfully reloaded assembly
- Finished resetting the current domain, in  0.258 seconds
Domain Reload Profiling: 703ms
	BeginReloadAssembly (209ms)
		ExecutionOrderSort (0ms)
		DisableScriptedObjects (0ms)
		BackupInstance (0ms)
		ReleaseScriptingObjects (0ms)
		CreateAndSetChildDomain (1ms)
	RebuildCommonClasses (29ms)
	RebuildNativeTypeToScriptingClass (8ms)
	initialDomainReloadingComplete (61ms)
	LoadAllAssembliesAndSetupDomain (137ms)
		LoadAssemblies (206ms)
		RebuildTransferFunctionScriptingTraits (0ms)
		AnalyzeDomain (135ms)
			TypeCache.Refresh (133ms)
				TypeCache.ScanAssembly (119ms)
			ScanForSourceGeneratedMonoScriptInfo (0ms)
			ResolveRequiredComponents (0ms)
	FinalizeReload (259ms)
		ReleaseScriptCaches (0ms)
		RebuildScriptCaches (0ms)
		SetupLoadedEditorAssemblies (196ms)
			LogAssemblyErrors (0ms)
			InitializePlatformSupportModulesInManaged (10ms)
			SetLoadedEditorAssemblies (7ms)
			RefreshPlugins (0ms)
			BeforeProcessingInitializeOnLoad (3ms)
			ProcessInitializeOnLoadAttributes (131ms)
			ProcessInitializeOnLoadMethodAttributes (46ms)
			AfterProcessingInitializeOnLoad (0ms)
			EditorAssembliesLoaded (0ms)
		ExecutionOrderSort2 (0ms)
		AwakeInstancesAfterBackupRestoration (0ms)
========================================================================
Worker process is ready to serve import requests
Begin MonoManager ReloadAssembly
- Loaded All Assemblies, in  0.851 seconds
Refreshing native plugins compatible for Editor in 5.80 ms, found 3 plugins.
Native extension for WindowsStandalone target not found
Package Manager log level set to [2]
[Package Manager] Server::EnsureServerProcessIsRunning -- launch failed, reason: Unity was launched with the -noUpm command-line argument
[Package Manager] UpmClient::Send -- Unable to send message (not connected to UPM process).
[Package Manager] Cannot connect to Unity Package Manager local server
Mono: successfully reloaded assembly
- Finished resetting the current domain, in  0.749 seconds
Domain Reload Profiling: 1597ms
	BeginReloadAssembly (155ms)
		ExecutionOrderSort (0ms)
		DisableScriptedObjects (5ms)
		BackupInstance (0ms)
		ReleaseScriptingObjects (0ms)
		CreateAndSetChildDomain (25ms)
	RebuildCommonClasses (30ms)
	RebuildNativeTypeToScriptingClass (9ms)
	initialDomainReloadingComplete (40ms)
	LoadAllAssembliesAndSetupDomain (614ms)
		LoadAssemblies (547ms)
		RebuildTransferFunctionScriptingTraits (0ms)
		AnalyzeDomain (156ms)
			TypeCache.Refresh (135ms)
				TypeCache.ScanAssembly (121ms)
			ScanForSourceGeneratedMonoScriptInfo (15ms)
			ResolveRequiredComponents (4ms)
	FinalizeReload (750ms)
		ReleaseScriptCaches (0ms)
		RebuildScriptCaches (0ms)
		SetupLoadedEditorAssemblies (588ms)
			LogAssemblyErrors (0ms)
			InitializePlatformSupportModulesInManaged (7ms)
			SetLoadedEditorAssemblies (5ms)
			RefreshPlugins (0ms)
			BeforeProcessingInitializeOnLoad (100ms)
			ProcessInitializeOnLoadAttributes (432ms)
			ProcessInitializeOnLoadMethodAttributes (32ms)
			AfterProcessingInitializeOnLoad (11ms)
			EditorAssembliesLoaded (0ms)
		ExecutionOrderSort2 (0ms)
		AwakeInstancesAfterBackupRestoration (9ms)
Launched and connected shader compiler UnityShaderCompiler.exe after 0.14 seconds
Refreshing native plugins compatible for Editor in 14.40 ms, found 3 plugins.
Preloading 0 native plugins for Editor in 0.00 ms.
Unloading 3419 Unused Serialized files (Serialized files now loaded: 0)
Unloading 47 unused Assets / (130.3 KB). Loaded Objects now: 3881.
Memory consumption went from 133.6 MB to 133.5 MB.
Total: 5.817200 ms (FindLiveObjects: 0.704400 ms CreateObjectMapping: 0.203200 ms MarkObjects: 4.703500 ms  DeleteObjects: 0.198700 ms)

AssetImportParameters requested are different than current active one (requested -> active):
  custom:container-demuxer-ogg: 62fdf1f143b41e24485cea50d1cbac27 -> 
  custom:video-codec-MediaFoundation-h265: e54d7ab0439102e2317fc1e4b246158d -> 
  custom:video-decoder-ogg-theora: a1e56fd34408186e4bbccfd4996cb3dc -> 
  custom:framework-win-MediaFoundation: 216162199b28c13a410421893ffa2e32 -> 
  custom:CustomObjectIndexerAttribute: 756ad292c208cfabdd7b50bc23989ffe -> 
  custom:container-demuxer-webm: 4f35f7cbe854078d1ac9338744f61a02 -> 
  custom:container-muxer-webm: aa71ff27fc2769a1b78a27578f13a17b -> 
  custom:video-decoder-webm-vp8: 9c59270c3fd7afecdb556c50c9e8de78 -> 
  custom:SearchIndexIgnoredProperties: e643bd26f0fe6173181afceb89e7c659 -> 
  custom:AudioImporter_EditorPlatform: d09bf68614088b80899f8185d706f6e7 -> 
  custom:video-encoder-webm-vp8: eb34c28f22e8b96e1ab97ce403110664 -> 
  custom:audio-decoder-ogg-vorbis: bf7c407c2cedff20999df2af8eb42d56 -> 
  custom:audio-encoder-webm-vorbis: bf7c407c2cedff20999df2af8eb42d56 -> 
========================================================================
Received Import Request.
  Time since last request: 178152.888324 seconds.
  path: Assets/Scenes/Wait.unity
  artifactKey: Guid(5b5baa318132d334ab2563bf407e0548) Importer(815301076,1909f56bfc062723c751e8b465ee728b)
Start importing Assets/Scenes/Wait.unity using Guid(5b5baa318132d334ab2563bf407e0548) Importer(815301076,1909f56bfc062723c751e8b465ee728b)  -> (artifact id: 'dae4bbcb9c69f47d98e15ee6229a3e4b') in 0.002335 seconds
Number of updated asset objects reloaded before import = 0
Number of asset objects unloaded after import = 0
========================================================================
Received Import Request.
  Time since last request: 106.781108 seconds.
  path: Assets/Scenes/MonopolyScene
  artifactKey: Guid(50fa21a9cec9b3e46b28f70ea5594503) Importer(815301076,1909f56bfc062723c751e8b465ee728b)
Start importing Assets/Scenes/MonopolyScene using Guid(50fa21a9cec9b3e46b28f70ea5594503) Importer(815301076,1909f56bfc062723c751e8b465ee728b)  -> (artifact id: '74be97dda9ae2b372a10918d48c541a5') in 0.000710 seconds
Number of updated asset objects reloaded before import = 0
Number of asset objects unloaded after import = 0
========================================================================
Received Import Request.
  Time since last request: 0.073556 seconds.
  path: Assets/Scenes/MonopolyScene/NavMesh-Allez_en_prison.asset
  artifactKey: Guid(e28e72b86e55e4947bd1860df6e7a2eb) Importer(815301076,1909f56bfc062723c751e8b465ee728b)
Start importing Assets/Scenes/MonopolyScene/NavMesh-Allez_en_prison.asset using Guid(e28e72b86e55e4947bd1860df6e7a2eb) Importer(815301076,1909f56bfc062723c751e8b465ee728b)  -> (artifact id: '8d58c841020596c961a1ebde4da8744c') in 0.009673 seconds
Number of updated asset objects reloaded before import = 0
Number of asset objects unloaded after import = 1
========================================================================
Received Import Request.
  Time since last request: 0.001110 seconds.
  path: Assets/Scenes/MonopolyScene/NavMesh-Bordure.006.asset
  artifactKey: Guid(fdb68512ef23aa84a8cd50c96eb5e65d) Importer(815301076,1909f56bfc062723c751e8b465ee728b)
Start importing Assets/Scenes/MonopolyScene/NavMesh-Bordure.006.asset using Guid(fdb68512ef23aa84a8cd50c96eb5e65d) Importer(815301076,1909f56bfc062723c751e8b465ee728b)  -> (artifact id: '38efa3244fc8c0f70744ed68c60f1053') in 0.001105 seconds
Number of updated asset objects reloaded before import = 0
Number of asset objects unloaded after import = 1
========================================================================
Received Import Request.
  Time since last request: 0.006747 seconds.
  path: Assets/Scenes/MonopolyScene/NavMesh-Bordure.007.asset
  artifactKey: Guid(a5ae5d1df802f8541bc02dad78905cc1) Importer(815301076,1909f56bfc062723c751e8b465ee728b)
Start importing Assets/Scenes/MonopolyScene/NavMesh-Bordure.007.asset using Guid(a5ae5d1df802f8541bc02dad78905cc1) Importer(815301076,1909f56bfc062723c751e8b465ee728b)  -> (artifact id: '15ddd63d3782de63e3abd7a64b61cee3') in 0.001233 seconds
Number of updated asset objects reloaded before import = 0
Number of asset objects unloaded after import = 1
========================================================================
Received Import Request.
  Time since last request: 0.005365 seconds.
  path: Assets/Scenes/MonopolyScene/NavMesh-Bordure.009.asset
  artifactKey: Guid(f36aacddb2672034bab11c7f61753148) Importer(815301076,1909f56bfc062723c751e8b465ee728b)
Start importing Assets/Scenes/MonopolyScene/NavMesh-Bordure.009.asset using Guid(f36aacddb2672034bab11c7f61753148) Importer(815301076,1909f56bfc062723c751e8b465ee728b)  -> (artifact id: '510f0f4f43bdc12416ca19fe2170e5e3') in 0.001015 seconds
Number of updated asset objects reloaded before import = 0
Number of asset objects unloaded after import = 1
========================================================================
Received Import Request.
  Time since last request: 0.007109 seconds.
  path: Assets/Scenes/MonopolyScene/NavMesh-Bordure.010.asset
  artifactKey: Guid(7e89df27b05043741b9c064a729f5c17) Importer(815301076,1909f56bfc062723c751e8b465ee728b)
Start importing Assets/Scenes/MonopolyScene/NavMesh-Bordure.010.asset using Guid(7e89df27b05043741b9c064a729f5c17) Importer(815301076,1909f56bfc062723c751e8b465ee728b)  -> (artifact id: '0eb5737f8f5d79f6524a7848276e78a8') in 0.001147 seconds
Number of updated asset objects reloaded before import = 0
Number of asset objects unloaded after import = 1
========================================================================
Received Import Request.
  Time since last request: 0.006607 seconds.
  path: Assets/Scenes/MonopolyScene/NavMesh-Bordure.011.asset
  artifactKey: Guid(df0db3c082a413b429fdc83a3e4492a0) Importer(815301076,1909f56bfc062723c751e8b465ee728b)
Start importing Assets/Scenes/MonopolyScene/NavMesh-Bordure.011.asset using Guid(df0db3c082a413b429fdc83a3e4492a0) Importer(815301076,1909f56bfc062723c751e8b465ee728b)  -> (artifact id: '1d22db65888d98f96ee9130bbeb28a7e') in 0.001227 seconds
Number of updated asset objects reloaded before import = 0
Number of asset objects unloaded after import = 1
========================================================================
Received Import Request.
  Time since last request: 0.006460 seconds.
  path: Assets/Scenes/MonopolyScene/NavMesh-Bordure.012.asset
  artifactKey: Guid(d65dd44b006c7354ca64c39449dc54ed) Importer(815301076,1909f56bfc062723c751e8b465ee728b)
Start importing Assets/Scenes/MonopolyScene/NavMesh-Bordure.012.asset using Guid(d65dd44b006c7354ca64c39449dc54ed) Importer(815301076,1909f56bfc062723c751e8b465ee728b)  -> (artifact id: '1de1bf355343b51b2064a8f1da55430a') in 0.001102 seconds
Number of updated asset objects reloaded before import = 0
Number of asset objects unloaded after import = 1
========================================================================
Received Import Request.
  Time since last request: 0.006408 seconds.
  path: Assets/Scenes/MonopolyScene/NavMesh-Bordure.026.asset
  artifactKey: Guid(2e5876b83ff589e4fa925fe0d81b6ea0) Importer(815301076,1909f56bfc062723c751e8b465ee728b)
Start importing Assets/Scenes/MonopolyScene/NavMesh-Bordure.026.asset using Guid(2e5876b83ff589e4fa925fe0d81b6ea0) Importer(815301076,1909f56bfc062723c751e8b465ee728b)  -> (artifact id: 'efd36f98c2e329bc92a9fde416875d90') in 0.001123 seconds
Number of updated asset objects reloaded before import = 0
Number of asset objects unloaded after import = 1
========================================================================
Received Import Request.
  Time since last request: 0.005161 seconds.
  path: Assets/Scenes/MonopolyScene/NavMesh-Bordure.027.asset
  artifactKey: Guid(654481574ff7e144d9903d8e0294982f) Importer(815301076,1909f56bfc062723c751e8b465ee728b)
Start importing Assets/Scenes/MonopolyScene/NavMesh-Bordure.027.asset using Guid(654481574ff7e144d9903d8e0294982f) Importer(815301076,1909f56bfc062723c751e8b465ee728b)  -> (artifact id: '9e15473c7f004c38a543d81b37dbba54') in 0.001043 seconds
Number of updated asset objects reloaded before import = 0
Number of asset objects unloaded after import = 1
========================================================================
Received Import Request.
  Time since last request: 0.008635 seconds.
  path: Assets/Scenes/MonopolyScene/NavMesh-Bordure.028.asset
  artifactKey: Guid(15acf4c595c028d4dabbae805dee1e0f) Importer(815301076,1909f56bfc062723c751e8b465ee728b)
Start importing Assets/Scenes/MonopolyScene/NavMesh-Bordure.028.asset using Guid(15acf4c595c028d4dabbae805dee1e0f) Importer(815301076,1909f56bfc062723c751e8b465ee728b)  -> (artifact id: '4c64cc7b1a20f9478f5318ec0d248a74') in 0.001894 seconds
Number of updated asset objects reloaded before import = 0
Number of asset objects unloaded after import = 1
========================================================================
Received Import Request.
  Time since last request: 0.005490 seconds.
  path: Assets/Scenes/MonopolyScene/NavMesh-Bordure.037.asset
  artifactKey: Guid(96001fb7f9dd5874db1939c0f2b8072f) Importer(815301076,1909f56bfc062723c751e8b465ee728b)
Start importing Assets/Scenes/MonopolyScene/NavMesh-Bordure.037.asset using Guid(96001fb7f9dd5874db1939c0f2b8072f) Importer(815301076,1909f56bfc062723c751e8b465ee728b)  -> (artifact id: 'dc01534c88b7cce49113af3819549781') in 0.001424 seconds
Number of updated asset objects reloaded before import = 0
Number of asset objects unloaded after import = 1
========================================================================
Received Import Request.
  Time since last request: 0.007078 seconds.
  path: Assets/Scenes/MonopolyScene/NavMesh-Bordure.038.asset
  artifactKey: Guid(b1e22195262cfeb49a55417044f837cd) Importer(815301076,1909f56bfc062723c751e8b465ee728b)
Start importing Assets/Scenes/MonopolyScene/NavMesh-Bordure.038.asset using Guid(b1e22195262cfeb49a55417044f837cd) Importer(815301076,1909f56bfc062723c751e8b465ee728b)  -> (artifact id: '1f3b8ddc3490f5fb4d0364840ce17d11') in 0.000891 seconds
Number of updated asset objects reloaded before import = 0
Number of asset objects unloaded after import = 1
========================================================================
Received Import Request.
  Time since last request: 0.007122 seconds.
  path: Assets/Scenes/MonopolyScene/NavMesh-Depart.asset
  artifactKey: Guid(2a2c909fb308ffd44b76748cd99560ec) Importer(815301076,1909f56bfc062723c751e8b465ee728b)
Start importing Assets/Scenes/MonopolyScene/NavMesh-Depart.asset using Guid(2a2c909fb308ffd44b76748cd99560ec) Importer(815301076,1909f56bfc062723c751e8b465ee728b)  -> (artifact id: '7f2dbb050cce796a1924e7291d0d70ae') in 0.001082 seconds
Number of updated asset objects reloaded before import = 0
Number of asset objects unloaded after import = 1
========================================================================
Received Import Request.
  Time since last request: 0.006098 seconds.
  path: Assets/Scenes/MonopolyScene/NavMesh-En_Prison.asset
  artifactKey: Guid(ada984c9cbb1c794cad92910395e87d8) Importer(815301076,1909f56bfc062723c751e8b465ee728b)
Start importing Assets/Scenes/MonopolyScene/NavMesh-En_Prison.asset using Guid(ada984c9cbb1c794cad92910395e87d8) Importer(815301076,1909f56bfc062723c751e8b465ee728b)  -> (artifact id: '85b7904f92920d6d4f298e6ed8b926d2') in 0.001305 seconds
Number of updated asset objects reloaded before import = 0
Number of asset objects unloaded after import = 1
========================================================================
Received Import Request.
  Time since last request: 0.006376 seconds.
  path: Assets/Scenes/MonopolyScene/NavMesh-Place_gratuite.asset
  artifactKey: Guid(3987dba345f81d3499750859e8bff7dd) Importer(815301076,1909f56bfc062723c751e8b465ee728b)
Start importing Assets/Scenes/MonopolyScene/NavMesh-Place_gratuite.asset using Guid(3987dba345f81d3499750859e8bff7dd) Importer(815301076,1909f56bfc062723c751e8b465ee728b)  -> (artifact id: 'c05dbaa81d983fb1bf075c718629745e') in 0.001113 seconds
Number of updated asset objects reloaded before import = 0
Number of asset objects unloaded after import = 1
========================================================================
Received Import Request.
  Time since last request: 0.005576 seconds.
  path: Assets/Scenes/MonopolyScene/NavMesh-Tuile.asset
  artifactKey: Guid(e01a2cd30e89e87459a5cd7dc4eb18c2) Importer(815301076,1909f56bfc062723c751e8b465ee728b)
Start importing Assets/Scenes/MonopolyScene/NavMesh-Tuile.asset using Guid(e01a2cd30e89e87459a5cd7dc4eb18c2) Importer(815301076,1909f56bfc062723c751e8b465ee728b)  -> (artifact id: 'f259d8be9b56cf66829a42cbad432e6b') in 0.001143 seconds
Number of updated asset objects reloaded before import = 0
Number of asset objects unloaded after import = 1
========================================================================
Received Import Request.
  Time since last request: 0.005138 seconds.
  path: Assets/Scenes/MonopolyScene/NavMesh-Tuile 1.asset
  artifactKey: Guid(9139c652b9af72544984123193725b12) Importer(815301076,1909f56bfc062723c751e8b465ee728b)
Start importing Assets/Scenes/MonopolyScene/NavMesh-Tuile 1.asset using Guid(9139c652b9af72544984123193725b12) Importer(815301076,1909f56bfc062723c751e8b465ee728b)  -> (artifact id: 'dfca24196cdb2ee7fbd4d7fe1aa8293a') in 0.001041 seconds
Number of updated asset objects reloaded before import = 0
Number of asset objects unloaded after import = 1
========================================================================
Received Import Request.
  Time since last request: 0.007031 seconds.
  path: Assets/Scenes/MonopolyScene/NavMesh-Tuile.001.asset
  artifactKey: Guid(55870d2a9263fbe469142b9e431df375) Importer(815301076,1909f56bfc062723c751e8b465ee728b)
Start importing Assets/Scenes/MonopolyScene/NavMesh-Tuile.001.asset using Guid(55870d2a9263fbe469142b9e431df375) Importer(815301076,1909f56bfc062723c751e8b465ee728b)  -> (artifact id: 'a49d29dfebe07250dfb1421d42ab1b28') in 0.001142 seconds
Number of updated asset objects reloaded before import = 0
Number of asset objects unloaded after import = 1
========================================================================
Received Import Request.
  Time since last request: 0.006769 seconds.
  path: Assets/Scenes/MonopolyScene/NavMesh-Tuile.002.asset
  artifactKey: Guid(dd25b466b502e4347b5aac24ed44bc90) Importer(815301076,1909f56bfc062723c751e8b465ee728b)
Start importing Assets/Scenes/MonopolyScene/NavMesh-Tuile.002.asset using Guid(dd25b466b502e4347b5aac24ed44bc90) Importer(815301076,1909f56bfc062723c751e8b465ee728b)  -> (artifact id: 'ce854913bb383cbdc5e222cbb72cd7a6') in 0.001181 seconds
Number of updated asset objects reloaded before import = 0
Number of asset objects unloaded after import = 1
========================================================================
Received Import Request.
  Time since last request: 0.007927 seconds.
  path: Assets/Scenes/MonopolyScene/NavMesh-Tuile.003.asset
  artifactKey: Guid(d9a41be61620ada43a62826d497d38b7) Importer(815301076,1909f56bfc062723c751e8b465ee728b)
Start importing Assets/Scenes/MonopolyScene/NavMesh-Tuile.003.asset using Guid(d9a41be61620ada43a62826d497d38b7) Importer(815301076,1909f56bfc062723c751e8b465ee728b)  -> (artifact id: 'bf23a7be1a3a785261f8960e42f8acc9') in 0.001468 seconds
Number of updated asset objects reloaded before import = 0
Number of asset objects unloaded after import = 1
========================================================================
Received Import Request.
  Time since last request: 0.008231 seconds.
  path: Assets/Scenes/MonopolyScene/NavMesh-Tuile.004.asset
  artifactKey: Guid(34b849a970d5b9c4e9df3b7a54136ee1) Importer(815301076,1909f56bfc062723c751e8b465ee728b)
Start importing Assets/Scenes/MonopolyScene/NavMesh-Tuile.004.asset using Guid(34b849a970d5b9c4e9df3b7a54136ee1) Importer(815301076,1909f56bfc062723c751e8b465ee728b)  -> (artifact id: 'c755fc0e10928988bdb47abab3cdcdd7') in 0.001404 seconds
Number of updated asset objects reloaded before import = 0
Number of asset objects unloaded after import = 1
========================================================================
Received Import Request.
  Time since last request: 0.007217 seconds.
  path: Assets/Scenes/MonopolyScene/NavMesh-Tuile.005.asset
  artifactKey: Guid(a5cabc0ca43d9a241abeef71ffeca3f0) Importer(815301076,1909f56bfc062723c751e8b465ee728b)
Start importing Assets/Scenes/MonopolyScene/NavMesh-Tuile.005.asset using Guid(a5cabc0ca43d9a241abeef71ffeca3f0) Importer(815301076,1909f56bfc062723c751e8b465ee728b)  -> (artifact id: 'cbd83f263c77dfff7a268ae3571a27a2') in 0.001285 seconds
Number of updated asset objects reloaded before import = 0
Number of asset objects unloaded after import = 1
========================================================================
Received Import Request.
  Time since last request: 0.007475 seconds.
  path: Assets/Scenes/MonopolyScene/NavMesh-Tuile.006.asset
  artifactKey: Guid(670019bc1eeef1f4a98969cd9f730c05) Importer(815301076,1909f56bfc062723c751e8b465ee728b)
Start importing Assets/Scenes/MonopolyScene/NavMesh-Tuile.006.asset using Guid(670019bc1eeef1f4a98969cd9f730c05) Importer(815301076,1909f56bfc062723c751e8b465ee728b)  -> (artifact id: 'a19e82957debcc07517978751203f510') in 0.001178 seconds
Number of updated asset objects reloaded before import = 0
Number of asset objects unloaded after import = 1
========================================================================
Received Import Request.
  Time since last request: 0.007190 seconds.
  path: Assets/Scenes/MonopolyScene/NavMesh-Tuile.007.asset
  artifactKey: Guid(2cd8a34a027d2e840a13e973bf71e349) Importer(815301076,1909f56bfc062723c751e8b465ee728b)
Start importing Assets/Scenes/MonopolyScene/NavMesh-Tuile.007.asset using Guid(2cd8a34a027d2e840a13e973bf71e349) Importer(815301076,1909f56bfc062723c751e8b465ee728b)  -> (artifact id: '5a17d4b43b0d40a972957a9f79f34483') in 0.001036 seconds
Number of updated asset objects reloaded before import = 0
Number of asset objects unloaded after import = 1
========================================================================
Received Import Request.
  Time since last request: 0.005749 seconds.
  path: Assets/Scenes/MonopolyScene/NavMesh-Tuile.008.asset
  artifactKey: Guid(624f8bdd3d1fb874e8f01a6840714eab) Importer(815301076,1909f56bfc062723c751e8b465ee728b)
Start importing Assets/Scenes/MonopolyScene/NavMesh-Tuile.008.asset using Guid(624f8bdd3d1fb874e8f01a6840714eab) Importer(815301076,1909f56bfc062723c751e8b465ee728b)  -> (artifact id: '750f3e6895dacefc2494940a47d33704') in 0.000874 seconds
Number of updated asset objects reloaded before import = 0
Number of asset objects unloaded after import = 1
========================================================================
Received Import Request.
  Time since last request: 0.006189 seconds.
  path: Assets/Scenes/MonopolyScene/NavMesh-Tuile.009.asset
  artifactKey: Guid(3d7bf8418f70a4a49addd5dcd1a43ced) Importer(815301076,1909f56bfc062723c751e8b465ee728b)
Start importing Assets/Scenes/MonopolyScene/NavMesh-Tuile.009.asset using Guid(3d7bf8418f70a4a49addd5dcd1a43ced) Importer(815301076,1909f56bfc062723c751e8b465ee728b)  -> (artifact id: 'e70fb1df7c31341bf0c64789f27dcbae') in 0.000874 seconds
Number of updated asset objects reloaded before import = 0
Number of asset objects unloaded after import = 1
========================================================================
Received Import Request.
  Time since last request: 0.006471 seconds.
  path: Assets/Scenes/MonopolyScene/NavMesh-Tuile.010.asset
  artifactKey: Guid(cb569be5bd22ba844bcb3bdbb846c07b) Importer(815301076,1909f56bfc062723c751e8b465ee728b)
Start importing Assets/Scenes/MonopolyScene/NavMesh-Tuile.010.asset using Guid(cb569be5bd22ba844bcb3bdbb846c07b) Importer(815301076,1909f56bfc062723c751e8b465ee728b)  -> (artifact id: '26fcbe335be4e90153a3e4ae8ea257cb') in 0.000873 seconds
Number of updated asset objects reloaded before import = 0
Number of asset objects unloaded after import = 1
========================================================================
Received Import Request.
  Time since last request: 0.006765 seconds.
  path: Assets/Scenes/MonopolyScene/NavMesh-Tuile.011.asset
  artifactKey: Guid(2dfdde1c71e938545a6dcf7493e5d865) Importer(815301076,1909f56bfc062723c751e8b465ee728b)
Start importing Assets/Scenes/MonopolyScene/NavMesh-Tuile.011.asset using Guid(2dfdde1c71e938545a6dcf7493e5d865) Importer(815301076,1909f56bfc062723c751e8b465ee728b)  -> (artifact id: '0009f128889b32ef6dab30773a0253cb') in 0.001307 seconds
Number of updated asset objects reloaded before import = 0
Number of asset objects unloaded after import = 1
========================================================================
Received Import Request.
  Time since last request: 0.008882 seconds.
  path: Assets/Scenes/MonopolyScene/NavMesh-Tuile.012.asset
  artifactKey: Guid(7672d785e4758b642bf9efb8f43e31ae) Importer(815301076,1909f56bfc062723c751e8b465ee728b)
Start importing Assets/Scenes/MonopolyScene/NavMesh-Tuile.012.asset using Guid(7672d785e4758b642bf9efb8f43e31ae) Importer(815301076,1909f56bfc062723c751e8b465ee728b)  -> (artifact id: 'e77e0656bde8391e601ef731dcb96dab') in 0.001521 seconds
Number of updated asset objects reloaded before import = 0
Number of asset objects unloaded after import = 1
========================================================================
Received Import Request.
  Time since last request: 0.008148 seconds.
  path: Assets/Scenes/MonopolyScene/NavMesh-Tuile.013.asset
  artifactKey: Guid(1f43f8e8e24fb534e92283305f928ab9) Importer(815301076,1909f56bfc062723c751e8b465ee728b)
Start importing Assets/Scenes/MonopolyScene/NavMesh-Tuile.013.asset using Guid(1f43f8e8e24fb534e92283305f928ab9) Importer(815301076,1909f56bfc062723c751e8b465ee728b)  -> (artifact id: '0040b683d5f56a75c39eba0665524b28') in 0.001039 seconds
Number of updated asset objects reloaded before import = 0
Number of asset objects unloaded after import = 1
========================================================================
Received Import Request.
  Time since last request: 0.006714 seconds.
  path: Assets/Scenes/MonopolyScene/NavMesh-Tuile.014.asset
  artifactKey: Guid(ff9bb964cb55f6443a163c0570e6095d) Importer(815301076,1909f56bfc062723c751e8b465ee728b)
Start importing Assets/Scenes/MonopolyScene/NavMesh-Tuile.014.asset using Guid(ff9bb964cb55f6443a163c0570e6095d) Importer(815301076,1909f56bfc062723c751e8b465ee728b)  -> (artifact id: '0915eb4996ffa8a70e3e8a038704a5c5') in 0.000893 seconds
Number of updated asset objects reloaded before import = 0
Number of asset objects unloaded after import = 1
========================================================================
Received Import Request.
  Time since last request: 0.006091 seconds.
  path: Assets/Scenes/MonopolyScene/NavMesh-Tuile.015.asset
  artifactKey: Guid(956d8116f1f454d4cbffa1ebca99b282) Importer(815301076,1909f56bfc062723c751e8b465ee728b)
Start importing Assets/Scenes/MonopolyScene/NavMesh-Tuile.015.asset using Guid(956d8116f1f454d4cbffa1ebca99b282) Importer(815301076,1909f56bfc062723c751e8b465ee728b)  -> (artifact id: '2ec2813ac68861a29332a2ccd77ad1c3') in 0.001086 seconds
Number of updated asset objects reloaded before import = 0
Number of asset objects unloaded after import = 1
========================================================================
Received Import Request.
  Time since last request: 1.820775 seconds.
  path: Assets/Scenes/MonopolyScene/NavMesh-Tuile.016.asset
  artifactKey: Guid(68921969736e1b44889bd6399d6e87e4) Importer(815301076,1909f56bfc062723c751e8b465ee728b)
Start importing Assets/Scenes/MonopolyScene/NavMesh-Tuile.016.asset using Guid(68921969736e1b44889bd6399d6e87e4) Importer(815301076,1909f56bfc062723c751e8b465ee728b)  -> (artifact id: '23f40366d7fa3c00b406cbcb01e71962') in 0.001226 seconds
Number of updated asset objects reloaded before import = 0
Number of asset objects unloaded after import = 1
========================================================================
Received Import Request.
  Time since last request: 0.006426 seconds.
  path: Assets/Scenes/MonopolyScene/NavMesh-Tuile.017.asset
  artifactKey: Guid(f86a018e0b4b3264c8364900f2fc5ddc) Importer(815301076,1909f56bfc062723c751e8b465ee728b)
Start importing Assets/Scenes/MonopolyScene/NavMesh-Tuile.017.asset using Guid(f86a018e0b4b3264c8364900f2fc5ddc) Importer(815301076,1909f56bfc062723c751e8b465ee728b)  -> (artifact id: '6b0303a4dc45d5f1bc0b1ca5e1cf6229') in 0.000900 seconds
Number of updated asset objects reloaded before import = 0
Number of asset objects unloaded after import = 1
========================================================================
Received Import Request.
  Time since last request: 0.007089 seconds.
  path: Assets/Scenes/MonopolyScene/NavMesh-Tuile.018.asset
  artifactKey: Guid(01787270f5572c4449ec368706f10d67) Importer(815301076,1909f56bfc062723c751e8b465ee728b)
Start importing Assets/Scenes/MonopolyScene/NavMesh-Tuile.018.asset using Guid(01787270f5572c4449ec368706f10d67) Importer(815301076,1909f56bfc062723c751e8b465ee728b)  -> (artifact id: '3f78c1dcc443da68af780d878ab4e1a0') in 0.001059 seconds
Number of updated asset objects reloaded before import = 0
Number of asset objects unloaded after import = 1
========================================================================
Received Import Request.
  Time since last request: 0.006660 seconds.
  path: Assets/Scenes/MonopolyScene/NavMesh-Tuile.019.asset
  artifactKey: Guid(b704991cacc40bc4ab299439ecf544da) Importer(815301076,1909f56bfc062723c751e8b465ee728b)
Start importing Assets/Scenes/MonopolyScene/NavMesh-Tuile.019.asset using Guid(b704991cacc40bc4ab299439ecf544da) Importer(815301076,1909f56bfc062723c751e8b465ee728b)  -> (artifact id: '7668b622220e6cb8edc52356bdec5748') in 0.001551 seconds
Number of updated asset objects reloaded before import = 0
Number of asset objects unloaded after import = 1
========================================================================
Received Import Request.
  Time since last request: 0.006302 seconds.
  path: Assets/Scenes/MonopolyScene/NavMesh-Tuile.020.asset
  artifactKey: Guid(8478b498c4ce0db448380e01cc63014d) Importer(815301076,1909f56bfc062723c751e8b465ee728b)
Start importing Assets/Scenes/MonopolyScene/NavMesh-Tuile.020.asset using Guid(8478b498c4ce0db448380e01cc63014d) Importer(815301076,1909f56bfc062723c751e8b465ee728b)  -> (artifact id: 'a7e3f27590fc28d0f4683a70cd774136') in 0.000997 seconds
Number of updated asset objects reloaded before import = 0
Number of asset objects unloaded after import = 1
========================================================================
Received Import Request.
  Time since last request: 0.006465 seconds.
  path: Assets/Scenes/MonopolyScene/NavMesh-Tuile.021.asset
  artifactKey: Guid(0e976f0b24a92cf4180b589ad0a76c5c) Importer(815301076,1909f56bfc062723c751e8b465ee728b)
Start importing Assets/Scenes/MonopolyScene/NavMesh-Tuile.021.asset using Guid(0e976f0b24a92cf4180b589ad0a76c5c) Importer(815301076,1909f56bfc062723c751e8b465ee728b)  -> (artifact id: 'f04b933206ce536688e9f501f27f565f') in 0.001282 seconds
Number of updated asset objects reloaded before import = 0
Number of asset objects unloaded after import = 1
========================================================================
Received Import Request.
  Time since last request: 0.009328 seconds.
  path: Assets/Scenes/MonopolyScene/NavMesh-Tuile.022.asset
  artifactKey: Guid(b588e57a49ea63842bd3745990921509) Importer(815301076,1909f56bfc062723c751e8b465ee728b)
Start importing Assets/Scenes/MonopolyScene/NavMesh-Tuile.022.asset using Guid(b588e57a49ea63842bd3745990921509) Importer(815301076,1909f56bfc062723c751e8b465ee728b)  -> (artifact id: '7686ea2904c7a478a140706c08cbe962') in 0.001396 seconds
Number of updated asset objects reloaded before import = 0
Number of asset objects unloaded after import = 1
========================================================================
Received Import Request.
  Time since last request: 0.008023 seconds.
  path: Assets/Scenes/MonopolyScene/NavMesh-Tuile.023.asset
  artifactKey: Guid(e17d97b6d37cd4e418565f8410976704) Importer(815301076,1909f56bfc062723c751e8b465ee728b)
Start importing Assets/Scenes/MonopolyScene/NavMesh-Tuile.023.asset using Guid(e17d97b6d37cd4e418565f8410976704) Importer(815301076,1909f56bfc062723c751e8b465ee728b)  -> (artifact id: '4682270117cd3aa411d6b2775a72b9c4') in 0.001332 seconds
Number of updated asset objects reloaded before import = 0
Number of asset objects unloaded after import = 1
========================================================================
Received Import Request.
  Time since last request: 0.007065 seconds.
  path: Assets/Scenes/MonopolyScene/NavMesh-Tuile.024.asset
  artifactKey: Guid(9093c4f9400bc9b4eabfbe5a569a17c2) Importer(815301076,1909f56bfc062723c751e8b465ee728b)
Start importing Assets/Scenes/MonopolyScene/NavMesh-Tuile.024.asset using Guid(9093c4f9400bc9b4eabfbe5a569a17c2) Importer(815301076,1909f56bfc062723c751e8b465ee728b)  -> (artifact id: '370d491b4f851fc9ac6e7b1bc2e7e669') in 0.001175 seconds
Number of updated asset objects reloaded before import = 0
Number of asset objects unloaded after import = 1
========================================================================
Received Import Request.
  Time since last request: 0.007109 seconds.
  path: Assets/Scenes/MonopolyScene/NavMesh-Tuile.025.asset
  artifactKey: Guid(a020b4cde01be6d4c86d0efb483898ee) Importer(815301076,1909f56bfc062723c751e8b465ee728b)
Start importing Assets/Scenes/MonopolyScene/NavMesh-Tuile.025.asset using Guid(a020b4cde01be6d4c86d0efb483898ee) Importer(815301076,1909f56bfc062723c751e8b465ee728b)  -> (artifact id: 'e3a0416e5df35f026770c8256f5bd507') in 0.001022 seconds
Number of updated asset objects reloaded before import = 0
Number of asset objects unloaded after import = 1
========================================================================
Received Import Request.
  Time since last request: 0.007024 seconds.
  path: Assets/Scenes/MonopolyScene/NavMesh-Tuile.026.asset
  artifactKey: Guid(2d6b2f9297c339243aa3378da624fe40) Importer(815301076,1909f56bfc062723c751e8b465ee728b)
Start importing Assets/Scenes/MonopolyScene/NavMesh-Tuile.026.asset using Guid(2d6b2f9297c339243aa3378da624fe40) Importer(815301076,1909f56bfc062723c751e8b465ee728b)  -> (artifact id: '843eed203d46b87bda1dd71733f01664') in 0.001344 seconds
Number of updated asset objects reloaded before import = 0
Number of asset objects unloaded after import = 1
========================================================================
Received Import Request.
  Time since last request: 0.008305 seconds.
  path: Assets/Scenes/MonopolyScene/NavMesh-Tuile.027.asset
  artifactKey: Guid(25ba5b91b7ccef34bb1c3aaf598ef028) Importer(815301076,1909f56bfc062723c751e8b465ee728b)
Start importing Assets/Scenes/MonopolyScene/NavMesh-Tuile.027.asset using Guid(25ba5b91b7ccef34bb1c3aaf598ef028) Importer(815301076,1909f56bfc062723c751e8b465ee728b)  -> (artifact id: '66e6734f1f6c183c30a557820bd2a78c') in 0.001019 seconds
Number of updated asset objects reloaded before import = 0
Number of asset objects unloaded after import = 1
========================================================================
Received Import Request.
  Time since last request: 0.006525 seconds.
  path: Assets/Scenes/MonopolyScene/NavMesh-Tuile.028.asset
  artifactKey: Guid(de4918fc252e5b74688e6f04e4ea1ee4) Importer(815301076,1909f56bfc062723c751e8b465ee728b)
Start importing Assets/Scenes/MonopolyScene/NavMesh-Tuile.028.asset using Guid(de4918fc252e5b74688e6f04e4ea1ee4) Importer(815301076,1909f56bfc062723c751e8b465ee728b)  -> (artifact id: '0099c6c3132480ea0dfdf296a05a5ef3') in 0.000834 seconds
Number of updated asset objects reloaded before import = 0
Number of asset objects unloaded after import = 1
========================================================================
Received Import Request.
  Time since last request: 0.008743 seconds.
  path: Assets/Scenes/MonopolyScene/NavMesh-Tuile.029.asset
  artifactKey: Guid(4323403a1d7971c4585a0afd9de08e1e) Importer(815301076,1909f56bfc062723c751e8b465ee728b)
Start importing Assets/Scenes/MonopolyScene/NavMesh-Tuile.029.asset using Guid(4323403a1d7971c4585a0afd9de08e1e) Importer(815301076,1909f56bfc062723c751e8b465ee728b)  -> (artifact id: '12c44e6db6b6f39873da9972c32b00fc') in 0.001147 seconds
Number of updated asset objects reloaded before import = 0
Number of asset objects unloaded after import = 1
========================================================================
Received Import Request.
  Time since last request: 0.007232 seconds.
  path: Assets/Scenes/MonopolyScene/NavMesh-Tuile.030.asset
  artifactKey: Guid(c00c1bc17f640d94baea280d535b0b73) Importer(815301076,1909f56bfc062723c751e8b465ee728b)
Start importing Assets/Scenes/MonopolyScene/NavMesh-Tuile.030.asset using Guid(c00c1bc17f640d94baea280d535b0b73) Importer(815301076,1909f56bfc062723c751e8b465ee728b)  -> (artifact id: 'cb1e203a1cd666cbef49c561feaf2b7a') in 0.001515 seconds
Number of updated asset objects reloaded before import = 0
Number of asset objects unloaded after import = 1
========================================================================
Received Import Request.
  Time since last request: 0.006522 seconds.
  path: Assets/Scenes/MonopolyScene/NavMesh-Tuile.031.asset
  artifactKey: Guid(a16b45f333722ba40a78a01823663f7f) Importer(815301076,1909f56bfc062723c751e8b465ee728b)
Start importing Assets/Scenes/MonopolyScene/NavMesh-Tuile.031.asset using Guid(a16b45f333722ba40a78a01823663f7f) Importer(815301076,1909f56bfc062723c751e8b465ee728b)  -> (artifact id: '46d5021f91530e6bfc35ce62c4ab3327') in 0.001041 seconds
Number of updated asset objects reloaded before import = 0
Number of asset objects unloaded after import = 1
========================================================================
Received Import Request.
  Time since last request: 0.040817 seconds.
  path: Assets/Scenes/MonopolyScene/NavMesh-Tuile.032.asset
  artifactKey: Guid(b86cd5354425ebf49836e86a5f0ce34d) Importer(815301076,1909f56bfc062723c751e8b465ee728b)
Start importing Assets/Scenes/MonopolyScene/NavMesh-Tuile.032.asset using Guid(b86cd5354425ebf49836e86a5f0ce34d) Importer(815301076,1909f56bfc062723c751e8b465ee728b)  -> (artifact id: '305a94faed3987f0b0cba9677dd7a42a') in 0.001194 seconds
Number of updated asset objects reloaded before import = 0
Number of asset objects unloaded after import = 1
========================================================================
Received Import Request.
  Time since last request: 0.005497 seconds.
  path: Assets/Scenes/MonopolyScene/NavMesh-Tuile.033.asset
  artifactKey: Guid(4e54ae13722c09f4cad4862d6cd2fa62) Importer(815301076,1909f56bfc062723c751e8b465ee728b)
Start importing Assets/Scenes/MonopolyScene/NavMesh-Tuile.033.asset using Guid(4e54ae13722c09f4cad4862d6cd2fa62) Importer(815301076,1909f56bfc062723c751e8b465ee728b)  -> (artifact id: 'ae7465cc51b37a929e83e212d3557022') in 0.001913 seconds
Number of updated asset objects reloaded before import = 0
Number of asset objects unloaded after import = 1
========================================================================
Received Import Request.
  Time since last request: 14.182223 seconds.
  path: Assets/BOXOPHOBIC/User
  artifactKey: Guid(f0aa5379d96b0e14795df45a380643fb) Importer(815301076,1909f56bfc062723c751e8b465ee728b)
Start importing Assets/BOXOPHOBIC/User using Guid(f0aa5379d96b0e14795df45a380643fb) Importer(815301076,1909f56bfc062723c751e8b465ee728b)  -> (artifact id: '1e918be24684bd87a694fa56b99c9090') in 0.000574 seconds
Number of updated asset objects reloaded before import = 0
Number of asset objects unloaded after import = 0
========================================================================
Received Import Request.
  Time since last request: 3.660081 seconds.
  path: Assets/Materials/monopoly-logo-png-transparent.mat
  artifactKey: Guid(9b77ce1a1bbbbba4bb49628e6e53e5c5) Importer(815301076,1909f56bfc062723c751e8b465ee728b)
Start importing Assets/Materials/monopoly-logo-png-transparent.mat using Guid(9b77ce1a1bbbbba4bb49628e6e53e5c5) Importer(815301076,1909f56bfc062723c751e8b465ee728b)  -> (artifact id: 'd252f10dc225155ea22316630c0a96d8') in 0.181202 seconds
Number of updated asset objects reloaded before import = 0
Number of asset objects unloaded after import = 2
========================================================================
Received Import Request.
  Time since last request: 8.691437 seconds.
  path: Assets/Prefab/backgroundMenu.jpg
  artifactKey: Guid(10f0560f0a1f8ce41b72e4f4ca66bdef) Importer(815301076,1909f56bfc062723c751e8b465ee728b)
Start importing Assets/Prefab/backgroundMenu.jpg using Guid(10f0560f0a1f8ce41b72e4f4ca66bdef) Importer(815301076,1909f56bfc062723c751e8b465ee728b)  -> (artifact id: '68c6902ed7803f00fb6fc05b358c0c22') in 0.061285 seconds
Number of updated asset objects reloaded before import = 0
Number of asset objects unloaded after import = 3
========================================================================
Received Import Request.
  Time since last request: 0.000413 seconds.
  path: Assets/Prefab/Voiture.fbx
  artifactKey: Guid(436310befabe1f941ac63eaf7933b98d) Importer(815301076,1909f56bfc062723c751e8b465ee728b)
Start importing Assets/Prefab/Voiture.fbx using Guid(436310befabe1f941ac63eaf7933b98d) Importer(815301076,1909f56bfc062723c751e8b465ee728b)  -> (artifact id: 'ef4b4f06b6b99f97f760f023798e8c9a') in 0.083222 seconds
Number of updated asset objects reloaded before import = 0
Number of asset objects unloaded after import = 8
========================================================================
Received Import Request.
  Time since last request: 0.000033 seconds.
  path: Assets/Prefab/Couture.fbx
  artifactKey: Guid(069f6a77da0e9c34482ef5c4009c3e80) Importer(815301076,1909f56bfc062723c751e8b465ee728b)
Start importing Assets/Prefab/Couture.fbx using Guid(069f6a77da0e9c34482ef5c4009c3e80) Importer(815301076,1909f56bfc062723c751e8b465ee728b)  -> (artifact id: '111e8789ba037cc4d64114f0264089c3') in 0.034322 seconds
Number of updated asset objects reloaded before import = 0
Number of asset objects unloaded after import = 8
========================================================================
Received Import Request.
  Time since last request: 0.000027 seconds.
  path: Assets/Prefab/uploads_files_2785968_monopoly-house.fbx
  artifactKey: Guid(e91144baba1367145a5c38ac22425c38) Importer(815301076,1909f56bfc062723c751e8b465ee728b)
Start importing Assets/Prefab/uploads_files_2785968_monopoly-house.fbx using Guid(e91144baba1367145a5c38ac22425c38) Importer(815301076,1909f56bfc062723c751e8b465ee728b)  -> (artifact id: 'e81a0106b738e78ccf11997b46c7d3f8') in 0.028611 seconds
Number of updated asset objects reloaded before import = 0
Number of asset objects unloaded after import = 8
Editor requested this worker to shutdown with reason: Scaling down because of idle timeout
TcpMessagingSession - receive error
AssetImportWorkerClient::OnTransportError - code=2 error=End of file
AssetImportWorker is now disconnected from the server
Process exiting
Exiting without the bug reporter. Application will terminate with return code 0